make[1]: 进入目录“/home/jaychou/Neptune_w800_project/device/winnermicro/neptune/sdk_liteos/platform/arch”
make[2]: 进入目录“/home/jaychou/Neptune_w800_project/device/winnermicro/neptune/sdk_liteos/platform/arch/xt804”
make[3]: 进入目录“/home/jaychou/Neptune_w800_project/device/winnermicro/neptune/sdk_liteos/platform/arch/xt804/bsp”
make[3]: 离开目录“/home/jaychou/Neptune_w800_project/device/winnermicro/neptune/sdk_liteos/platform/arch/xt804/bsp”
make[3]: 进入目录“/home/jaychou/Neptune_w800_project/device/winnermicro/neptune/sdk_liteos/platform/arch/xt804/libc”
make[3]: 离开目录“/home/jaychou/Neptune_w800_project/device/winnermicro/neptune/sdk_liteos/platform/arch/xt804/libc”
make[2]: 离开目录“/home/jaychou/Neptune_w800_project/device/winnermicro/neptune/sdk_liteos/platform/arch/xt804”
make[1]: 离开目录“/home/jaychou/Neptune_w800_project/device/winnermicro/neptune/sdk_liteos/platform/arch”
make[1]: 进入目录“/home/jaychou/Neptune_w800_project/device/winnermicro/neptune/sdk_liteos/platform/common”
make[2]: 进入目录“/home/jaychou/Neptune_w800_project/device/winnermicro/neptune/sdk_liteos/platform/common/crypto”
make[3]: 进入目录“/home/jaychou/Neptune_w800_project/device/winnermicro/neptune/sdk_liteos/platform/common/crypto/symmetric”
make[3]: 离开目录“/home/jaychou/Neptune_w800_project/device/winnermicro/neptune/sdk_liteos/platform/common/crypto/symmetric”
make[3]: 进入目录“/home/jaychou/Neptune_w800_project/device/winnermicro/neptune/sdk_liteos/platform/common/crypto/math”
make[3]: 离开目录“/home/jaychou/Neptune_w800_project/device/winnermicro/neptune/sdk_liteos/platform/common/crypto/math”
make[3]: 进入目录“/home/jaychou/Neptune_w800_project/device/winnermicro/neptune/sdk_liteos/platform/common/crypto/keyformat”
make[3]: 离开目录“/home/jaychou/Neptune_w800_project/device/winnermicro/neptune/sdk_liteos/platform/common/crypto/keyformat”
make[3]: 进入目录“/home/jaychou/Neptune_w800_project/device/winnermicro/neptune/sdk_liteos/platform/common/crypto/pubkey”
make[3]: 离开目录“/home/jaychou/Neptune_w800_project/device/winnermicro/neptune/sdk_liteos/platform/common/crypto/pubkey”
make[3]: 进入目录“/home/jaychou/Neptune_w800_project/device/winnermicro/neptune/sdk_liteos/platform/common/crypto/digest”
make[3]: 离开目录“/home/jaychou/Neptune_w800_project/device/winnermicro/neptune/sdk_liteos/platform/common/crypto/digest”
make[3]: 进入目录“/home/jaychou/Neptune_w800_project/device/winnermicro/neptune/sdk_liteos/platform/common/crypto/prng”
make[3]: 离开目录“/home/jaychou/Neptune_w800_project/device/winnermicro/neptune/sdk_liteos/platform/common/crypto/prng”
make[2]: 离开目录“/home/jaychou/Neptune_w800_project/device/winnermicro/neptune/sdk_liteos/platform/common/crypto”
make[2]: 进入目录“/home/jaychou/Neptune_w800_project/device/winnermicro/neptune/sdk_liteos/platform/common/task”
make[2]: 离开目录“/home/jaychou/Neptune_w800_project/device/winnermicro/neptune/sdk_liteos/platform/common/task”
make[2]: 进入目录“/home/jaychou/Neptune_w800_project/device/winnermicro/neptune/sdk_liteos/platform/common/fwup”
make[2]: 离开目录“/home/jaychou/Neptune_w800_project/device/winnermicro/neptune/sdk_liteos/platform/common/fwup”
make[2]: 进入目录“/home/jaychou/Neptune_w800_project/device/winnermicro/neptune/sdk_liteos/platform/common/utils”
make[2]: 离开目录“/home/jaychou/Neptune_w800_project/device/winnermicro/neptune/sdk_liteos/platform/common/utils”
make[2]: 进入目录“/home/jaychou/Neptune_w800_project/device/winnermicro/neptune/sdk_liteos/platform/common/params”
make[2]: 离开目录“/home/jaychou/Neptune_w800_project/device/winnermicro/neptune/sdk_liteos/platform/common/params”
make[2]: 进入目录“/home/jaychou/Neptune_w800_project/device/winnermicro/neptune/sdk_liteos/platform/common/mem”
make[2]: 离开目录“/home/jaychou/Neptune_w800_project/device/winnermicro/neptune/sdk_liteos/platform/common/mem”
make[1]: 离开目录“/home/jaychou/Neptune_w800_project/device/winnermicro/neptune/sdk_liteos/platform/common”
make[1]: 进入目录“/home/jaychou/Neptune_w800_project/device/winnermicro/neptune/sdk_liteos/platform/drivers”
make[2]: 进入目录“/home/jaychou/Neptune_w800_project/device/winnermicro/neptune/sdk_liteos/platform/drivers/irq”
make[2]: 离开目录“/home/jaychou/Neptune_w800_project/device/winnermicro/neptune/sdk_liteos/platform/drivers/irq”
make[2]: 进入目录“/home/jaychou/Neptune_w800_project/device/winnermicro/neptune/sdk_liteos/platform/drivers/io”
make[2]: 离开目录“/home/jaychou/Neptune_w800_project/device/winnermicro/neptune/sdk_liteos/platform/drivers/io”
make[2]: 进入目录“/home/jaychou/Neptune_w800_project/device/winnermicro/neptune/sdk_liteos/platform/drivers/pwm”
make[2]: 离开目录“/home/jaychou/Neptune_w800_project/device/winnermicro/neptune/sdk_liteos/platform/drivers/pwm”
make[2]: 进入目录“/home/jaychou/Neptune_w800_project/device/winnermicro/neptune/sdk_liteos/platform/drivers/sasc”
make[2]: 离开目录“/home/jaychou/Neptune_w800_project/device/winnermicro/neptune/sdk_liteos/platform/drivers/sasc”
make[2]: 进入目录“/home/jaychou/Neptune_w800_project/device/winnermicro/neptune/sdk_liteos/platform/drivers/7816”
make[2]: 离开目录“/home/jaychou/Neptune_w800_project/device/winnermicro/neptune/sdk_liteos/platform/drivers/7816”
make[2]: 进入目录“/home/jaychou/Neptune_w800_project/device/winnermicro/neptune/sdk_liteos/platform/drivers/spi”
make[2]: 离开目录“/home/jaychou/Neptune_w800_project/device/winnermicro/neptune/sdk_liteos/platform/drivers/spi”
make[2]: 进入目录“/home/jaychou/Neptune_w800_project/device/winnermicro/neptune/sdk_liteos/platform/drivers/efuse”
make[2]: 离开目录“/home/jaychou/Neptune_w800_project/device/winnermicro/neptune/sdk_liteos/platform/drivers/efuse”
make[2]: 进入目录“/home/jaychou/Neptune_w800_project/device/winnermicro/neptune/sdk_liteos/platform/drivers/cpu”
make[2]: 离开目录“/home/jaychou/Neptune_w800_project/device/winnermicro/neptune/sdk_liteos/platform/drivers/cpu”
make[2]: 进入目录“/home/jaychou/Neptune_w800_project/device/winnermicro/neptune/sdk_liteos/platform/drivers/gpio”
make[2]: 离开目录“/home/jaychou/Neptune_w800_project/device/winnermicro/neptune/sdk_liteos/platform/drivers/gpio”
make[2]: 进入目录“/home/jaychou/Neptune_w800_project/device/winnermicro/neptune/sdk_liteos/platform/drivers/flash”
make[2]: 离开目录“/home/jaychou/Neptune_w800_project/device/winnermicro/neptune/sdk_liteos/platform/drivers/flash”
make[2]: 进入目录“/home/jaychou/Neptune_w800_project/device/winnermicro/neptune/sdk_liteos/platform/drivers/dma”
make[2]: 离开目录“/home/jaychou/Neptune_w800_project/device/winnermicro/neptune/sdk_liteos/platform/drivers/dma”
make[2]: 进入目录“/home/jaychou/Neptune_w800_project/device/winnermicro/neptune/sdk_liteos/platform/drivers/i2s”
make[2]: 离开目录“/home/jaychou/Neptune_w800_project/device/winnermicro/neptune/sdk_liteos/platform/drivers/i2s”
make[2]: 进入目录“/home/jaychou/Neptune_w800_project/device/winnermicro/neptune/sdk_liteos/platform/drivers/timer”
make[2]: 离开目录“/home/jaychou/Neptune_w800_project/device/winnermicro/neptune/sdk_liteos/platform/drivers/timer”
make[2]: 进入目录“/home/jaychou/Neptune_w800_project/device/winnermicro/neptune/sdk_liteos/platform/drivers/rtc”
make[2]: 离开目录“/home/jaychou/Neptune_w800_project/device/winnermicro/neptune/sdk_liteos/platform/drivers/rtc”
make[2]: 进入目录“/home/jaychou/Neptune_w800_project/device/winnermicro/neptune/sdk_liteos/platform/drivers/internalflash”
make[2]: 离开目录“/home/jaychou/Neptune_w800_project/device/winnermicro/neptune/sdk_liteos/platform/drivers/internalflash”
make[2]: 进入目录“/home/jaychou/Neptune_w800_project/device/winnermicro/neptune/sdk_liteos/platform/drivers/i2c”
make[2]: 离开目录“/home/jaychou/Neptune_w800_project/device/winnermicro/neptune/sdk_liteos/platform/drivers/i2c”
make[2]: 进入目录“/home/jaychou/Neptune_w800_project/device/winnermicro/neptune/sdk_liteos/platform/drivers/pmu”
make[2]: 离开目录“/home/jaychou/Neptune_w800_project/device/winnermicro/neptune/sdk_liteos/platform/drivers/pmu”
make[2]: 进入目录“/home/jaychou/Neptune_w800_project/device/winnermicro/neptune/sdk_liteos/platform/drivers/adc”
make[2]: 离开目录“/home/jaychou/Neptune_w800_project/device/winnermicro/neptune/sdk_liteos/platform/drivers/adc”
make[2]: 进入目录“/home/jaychou/Neptune_w800_project/device/winnermicro/neptune/sdk_liteos/platform/drivers/watchdog”
make[2]: 离开目录“/home/jaychou/Neptune_w800_project/device/winnermicro/neptune/sdk_liteos/platform/drivers/watchdog”
make[2]: 进入目录“/home/jaychou/Neptune_w800_project/device/winnermicro/neptune/sdk_liteos/platform/drivers/uart”
make[2]: 离开目录“/home/jaychou/Neptune_w800_project/device/winnermicro/neptune/sdk_liteos/platform/drivers/uart”
make[1]: 离开目录“/home/jaychou/Neptune_w800_project/device/winnermicro/neptune/sdk_liteos/platform/drivers”
make[1]: 进入目录“/home/jaychou/Neptune_w800_project/device/winnermicro/neptune/sdk_liteos/platform/sys”
make[1]: 离开目录“/home/jaychou/Neptune_w800_project/device/winnermicro/neptune/sdk_liteos/platform/sys”
make[1]: 进入目录“/home/jaychou/Neptune_w800_project/device/winnermicro/neptune/sdk_liteos/src/network”
make[2]: 进入目录“/home/jaychou/Neptune_w800_project/device/winnermicro/neptune/sdk_liteos/src/network/lwip2.0.3”
make[3]: 进入目录“/home/jaychou/Neptune_w800_project/device/winnermicro/neptune/sdk_liteos/src/network/lwip2.0.3/core”
make[4]: 进入目录“/home/jaychou/Neptune_w800_project/device/winnermicro/neptune/sdk_liteos/src/network/lwip2.0.3/core/ipv4”
make[4]: 离开目录“/home/jaychou/Neptune_w800_project/device/winnermicro/neptune/sdk_liteos/src/network/lwip2.0.3/core/ipv4”
make[4]: 进入目录“/home/jaychou/Neptune_w800_project/device/winnermicro/neptune/sdk_liteos/src/network/lwip2.0.3/core/ipv6”
make[4]: 离开目录“/home/jaychou/Neptune_w800_project/device/winnermicro/neptune/sdk_liteos/src/network/lwip2.0.3/core/ipv6”
make[3]: 离开目录“/home/jaychou/Neptune_w800_project/device/winnermicro/neptune/sdk_liteos/src/network/lwip2.0.3/core”
make[3]: 进入目录“/home/jaychou/Neptune_w800_project/device/winnermicro/neptune/sdk_liteos/src/network/lwip2.0.3/api”
make[3]: 离开目录“/home/jaychou/Neptune_w800_project/device/winnermicro/neptune/sdk_liteos/src/network/lwip2.0.3/api”
make[3]: 进入目录“/home/jaychou/Neptune_w800_project/device/winnermicro/neptune/sdk_liteos/src/network/lwip2.0.3/netif”
make[3]: 离开目录“/home/jaychou/Neptune_w800_project/device/winnermicro/neptune/sdk_liteos/src/network/lwip2.0.3/netif”
make[2]: 离开目录“/home/jaychou/Neptune_w800_project/device/winnermicro/neptune/sdk_liteos/src/network/lwip2.0.3”
make[2]: 进入目录“/home/jaychou/Neptune_w800_project/device/winnermicro/neptune/sdk_liteos/src/network/api2.0.3”
make[2]: 离开目录“/home/jaychou/Neptune_w800_project/device/winnermicro/neptune/sdk_liteos/src/network/api2.0.3”
make[1]: 离开目录“/home/jaychou/Neptune_w800_project/device/winnermicro/neptune/sdk_liteos/src/network”
make[1]: 进入目录“/home/jaychou/Neptune_w800_project/device/winnermicro/neptune/sdk_liteos/src/os”
make[2]: 进入目录“/home/jaychou/Neptune_w800_project/device/winnermicro/neptune/sdk_liteos/src/os/liteos”
make[2]: 离开目录“/home/jaychou/Neptune_w800_project/device/winnermicro/neptune/sdk_liteos/src/os/liteos”
make[2]: 进入目录“/home/jaychou/Neptune_w800_project/device/winnermicro/neptune/sdk_liteos/src/os/rtos”
make[3]: 进入目录“/home/jaychou/Neptune_w800_project/device/winnermicro/neptune/sdk_liteos/src/os/rtos/ports”
make[4]: 进入目录“/home/jaychou/Neptune_w800_project/device/winnermicro/neptune/sdk_liteos/src/os/rtos/ports/xt804”
make[4]: 离开目录“/home/jaychou/Neptune_w800_project/device/winnermicro/neptune/sdk_liteos/src/os/rtos/ports/xt804”
make[3]: 离开目录“/home/jaychou/Neptune_w800_project/device/winnermicro/neptune/sdk_liteos/src/os/rtos/ports”
make[3]: 进入目录“/home/jaychou/Neptune_w800_project/device/winnermicro/neptune/sdk_liteos/src/os/rtos/source”
make[3]: 离开目录“/home/jaychou/Neptune_w800_project/device/winnermicro/neptune/sdk_liteos/src/os/rtos/source”
make[2]: 离开目录“/home/jaychou/Neptune_w800_project/device/winnermicro/neptune/sdk_liteos/src/os/rtos”
make[1]: 离开目录“/home/jaychou/Neptune_w800_project/device/winnermicro/neptune/sdk_liteos/src/os”
make[1]: 进入目录“/home/jaychou/Neptune_w800_project/device/winnermicro/neptune/sdk_liteos/src/app”
make[2]: 进入目录“/home/jaychou/Neptune_w800_project/device/winnermicro/neptune/sdk_liteos/src/app/matrixssl”
make[3]: 进入目录“/home/jaychou/Neptune_w800_project/device/winnermicro/neptune/sdk_liteos/src/app/matrixssl/core”
make[3]: 离开目录“/home/jaychou/Neptune_w800_project/device/winnermicro/neptune/sdk_liteos/src/app/matrixssl/core”
make[2]: 离开目录“/home/jaychou/Neptune_w800_project/device/winnermicro/neptune/sdk_liteos/src/app/matrixssl”
make[2]: 进入目录“/home/jaychou/Neptune_w800_project/device/winnermicro/neptune/sdk_liteos/src/app/polarssl”
make[3]: 进入目录“/home/jaychou/Neptune_w800_project/device/winnermicro/neptune/sdk_liteos/src/app/polarssl/library”
make[3]: 离开目录“/home/jaychou/Neptune_w800_project/device/winnermicro/neptune/sdk_liteos/src/app/polarssl/library”
make[2]: 离开目录“/home/jaychou/Neptune_w800_project/device/winnermicro/neptune/sdk_liteos/src/app/polarssl”
make[2]: 进入目录“/home/jaychou/Neptune_w800_project/device/winnermicro/neptune/sdk_liteos/src/app/libwebsockets-2.1-stable”
make[2]: 离开目录“/home/jaychou/Neptune_w800_project/device/winnermicro/neptune/sdk_liteos/src/app/libwebsockets-2.1-stable”
make[2]: 进入目录“/home/jaychou/Neptune_w800_project/device/winnermicro/neptune/sdk_liteos/src/app/ping”
make[2]: 离开目录“/home/jaychou/Neptune_w800_project/device/winnermicro/neptune/sdk_liteos/src/app/ping”
make[2]: 进入目录“/home/jaychou/Neptune_w800_project/device/winnermicro/neptune/sdk_liteos/src/app/libcoap”
make[2]: 离开目录“/home/jaychou/Neptune_w800_project/device/winnermicro/neptune/sdk_liteos/src/app/libcoap”
make[2]: 进入目录“/home/jaychou/Neptune_w800_project/device/winnermicro/neptune/sdk_liteos/src/app/oneshotconfig”
make[2]: 离开目录“/home/jaychou/Neptune_w800_project/device/winnermicro/neptune/sdk_liteos/src/app/oneshotconfig”
make[2]: 进入目录“/home/jaychou/Neptune_w800_project/device/winnermicro/neptune/sdk_liteos/src/app/dhcpserver”
make[2]: 离开目录“/home/jaychou/Neptune_w800_project/device/winnermicro/neptune/sdk_liteos/src/app/dhcpserver”
make[2]: 进入目录“/home/jaychou/Neptune_w800_project/device/winnermicro/neptune/sdk_liteos/src/app/web”
make[2]: 离开目录“/home/jaychou/Neptune_w800_project/device/winnermicro/neptune/sdk_liteos/src/app/web”
make[2]: 进入目录“/home/jaychou/Neptune_w800_project/device/winnermicro/neptune/sdk_liteos/src/app/btapp”
make[2]: 离开目录“/home/jaychou/Neptune_w800_project/device/winnermicro/neptune/sdk_liteos/src/app/btapp”
make[2]: 进入目录“/home/jaychou/Neptune_w800_project/device/winnermicro/neptune/sdk_liteos/src/app/iperf”
make[2]: 离开目录“/home/jaychou/Neptune_w800_project/device/winnermicro/neptune/sdk_liteos/src/app/iperf”
make[2]: 进入目录“/home/jaychou/Neptune_w800_project/device/winnermicro/neptune/sdk_liteos/src/app/ntp”
make[2]: 离开目录“/home/jaychou/Neptune_w800_project/device/winnermicro/neptune/sdk_liteos/src/app/ntp”
make[2]: 进入目录“/home/jaychou/Neptune_w800_project/device/winnermicro/neptune/sdk_liteos/src/app/dnsserver”
make[2]: 离开目录“/home/jaychou/Neptune_w800_project/device/winnermicro/neptune/sdk_liteos/src/app/dnsserver”
make[2]: 进入目录“/home/jaychou/Neptune_w800_project/device/winnermicro/neptune/sdk_liteos/src/app/ota”
make[2]: 离开目录“/home/jaychou/Neptune_w800_project/device/winnermicro/neptune/sdk_liteos/src/app/ota”
make[2]: 进入目录“/home/jaychou/Neptune_w800_project/device/winnermicro/neptune/sdk_liteos/src/app/sslserver”
make[2]: 离开目录“/home/jaychou/Neptune_w800_project/device/winnermicro/neptune/sdk_liteos/src/app/sslserver”
make[2]: 进入目录“/home/jaychou/Neptune_w800_project/device/winnermicro/neptune/sdk_liteos/src/app/httpclient”
make[2]: 离开目录“/home/jaychou/Neptune_w800_project/device/winnermicro/neptune/sdk_liteos/src/app/httpclient”
make[2]: 进入目录“/home/jaychou/Neptune_w800_project/device/winnermicro/neptune/sdk_liteos/src/app/wm_atcmd”
make[2]: 离开目录“/home/jaychou/Neptune_w800_project/device/winnermicro/neptune/sdk_liteos/src/app/wm_atcmd”
make[2]: 进入目录“/home/jaychou/Neptune_w800_project/device/winnermicro/neptune/sdk_liteos/src/app/mqtt”
make[2]: 离开目录“/home/jaychou/Neptune_w800_project/device/winnermicro/neptune/sdk_liteos/src/app/mqtt”
make[2]: 进入目录“/home/jaychou/Neptune_w800_project/device/winnermicro/neptune/sdk_liteos/src/app/mDNS”
make[3]: 进入目录“/home/jaychou/Neptune_w800_project/device/winnermicro/neptune/sdk_liteos/src/app/mDNS/mDNSCore”
make[3]: 离开目录“/home/jaychou/Neptune_w800_project/device/winnermicro/neptune/sdk_liteos/src/app/mDNS/mDNSCore”
make[3]: 进入目录“/home/jaychou/Neptune_w800_project/device/winnermicro/neptune/sdk_liteos/src/app/mDNS/mDNSPosix”
make[3]: 离开目录“/home/jaychou/Neptune_w800_project/device/winnermicro/neptune/sdk_liteos/src/app/mDNS/mDNSPosix”
make[2]: 离开目录“/home/jaychou/Neptune_w800_project/device/winnermicro/neptune/sdk_liteos/src/app/mDNS”
make[2]: 进入目录“/home/jaychou/Neptune_w800_project/device/winnermicro/neptune/sdk_liteos/src/app/cJSON”
make[2]: 离开目录“/home/jaychou/Neptune_w800_project/device/winnermicro/neptune/sdk_liteos/src/app/cJSON”
make[1]: 离开目录“/home/jaychou/Neptune_w800_project/device/winnermicro/neptune/sdk_liteos/src/app”
libs has been updated.
LINK     w800.elf
./lib/w800/libapp.a(wm_bt_app.o): In function `app_adapter_state_changed_callback':
/home/jaychou/neptune-harmony-os1.1-iot-master/device/winnermicro/neptune/sdk_liteos/src/app/btapp/wm_bt_app.c:46: multiple definition of `app_adapter_state_changed_callback'
./../../../../out/neptune/wifiiot_neptune/libs/libwifi_bt.a(libwifi_bt.wifi_bt.o):(.text+0x0): first defined here
./lib/w800/libapp.a(wm_bt_app.o): In function `app_discovery_state_changed_callback':
/home/jaychou/neptune-harmony-os1.1-iot-master/device/winnermicro/neptune/sdk_liteos/src/app/btapp/wm_bt_app.c:168: multiple definition of `app_adapter_properties_callback'
./../../../../out/neptune/wifiiot_neptune/libs/libwifi_bt.a(libwifi_bt.wifi_bt.o):(.text+0x70): first defined here
./lib/w800/libapp.a(wm_bt_app.o): In function `app_discovery_state_changed_callback':
/home/jaychou/neptune-harmony-os1.1-iot-master/device/winnermicro/neptune/sdk_liteos/src/app/btapp/wm_bt_app.c:168: multiple definition of `app_remote_device_properties_callback'
./../../../../out/neptune/wifiiot_neptune/libs/libwifi_bt.a(libwifi_bt.wifi_bt.o):(.text+0x8c): first defined here
./lib/w800/libapp.a(wm_bt_app.o): In function `app_discovery_state_changed_callback':
/home/jaychou/neptune-harmony-os1.1-iot-master/device/winnermicro/neptune/sdk_liteos/src/app/btapp/wm_bt_app.c:168: multiple definition of `app_device_found_callback'
./../../../../out/neptune/wifiiot_neptune/libs/libwifi_bt.a(libwifi_bt.wifi_bt.o):(.text+0x90): first defined here
./lib/w800/libapp.a(wm_bt_app.o): In function `app_discovery_state_changed_callback':
/home/jaychou/neptune-harmony-os1.1-iot-master/device/winnermicro/neptune/sdk_liteos/src/app/btapp/wm_bt_app.c:168: multiple definition of `app_discovery_state_changed_callback'
./../../../../out/neptune/wifiiot_neptune/libs/libwifi_bt.a(libwifi_bt.wifi_bt.o):(.text+0xa4): first defined here
./lib/w800/libapp.a(wm_bt_app.o): In function `app_discovery_state_changed_callback':
/home/jaychou/neptune-harmony-os1.1-iot-master/device/winnermicro/neptune/sdk_liteos/src/app/btapp/wm_bt_app.c:168: multiple definition of `app_bond_state_changed_callback'
./../../../../out/neptune/wifiiot_neptune/libs/libwifi_bt.a(libwifi_bt.wifi_bt.o):(.text+0xc4): first defined here
./lib/w800/libapp.a(wm_bt_app.o): In function `app_discovery_state_changed_callback':
/home/jaychou/neptune-harmony-os1.1-iot-master/device/winnermicro/neptune/sdk_liteos/src/app/btapp/wm_bt_app.c:168: multiple definition of `app_acl_state_changed_callback'
./../../../../out/neptune/wifiiot_neptune/libs/libwifi_bt.a(libwifi_bt.wifi_bt.o):(.text+0xd8): first defined here
./lib/w800/libapp.a(wm_bt_app.o): In function `app_discovery_state_changed_callback':
/home/jaychou/neptune-harmony-os1.1-iot-master/device/winnermicro/neptune/sdk_liteos/src/app/btapp/wm_bt_app.c:168: multiple definition of `app_dut_mode_recv_callback'
./../../../../out/neptune/wifiiot_neptune/libs/libwifi_bt.a(libwifi_bt.wifi_bt.o):(.text+0xdc): first defined here
./lib/w800/libapp.a(wm_bt_app.o): In function `app_discovery_state_changed_callback':
/home/jaychou/neptune-harmony-os1.1-iot-master/device/winnermicro/neptune/sdk_liteos/src/app/btapp/wm_bt_app.c:168: multiple definition of `app_energy_info_callback'
./../../../../out/neptune/wifiiot_neptune/libs/libwifi_bt.a(libwifi_bt.wifi_bt.o):(.text+0xfc): first defined here
./lib/w800/libapp.a(wm_bt_app.o): In function `app_discovery_state_changed_callback':
/home/jaychou/neptune-harmony-os1.1-iot-master/device/winnermicro/neptune/sdk_liteos/src/app/btapp/wm_bt_app.c:168: multiple definition of `app_ssp_request_callback'
./../../../../out/neptune/wifiiot_neptune/libs/libwifi_bt.a(libwifi_bt.wifi_bt.o):(.text+0x11c): first defined here
./lib/w800/libapp.a(wm_bt_app.o): In function `app_discovery_state_changed_callback':
/home/jaychou/neptune-harmony-os1.1-iot-master/device/winnermicro/neptune/sdk_liteos/src/app/btapp/wm_bt_app.c:168: multiple definition of `app_pin_request_callback'
./../../../../out/neptune/wifiiot_neptune/libs/libwifi_bt.a(libwifi_bt.wifi_bt.o):(.text+0x208): first defined here
./lib/w800/libapp.a(wm_bt_app.o): In function `app_discovery_state_changed_callback':
/home/jaychou/neptune-harmony-os1.1-iot-master/device/winnermicro/neptune/sdk_liteos/src/app/btapp/wm_bt_app.c:168: multiple definition of `tls_bt_entry'
./../../../../out/neptune/wifiiot_neptune/libs/libwifi_bt.a(libwifi_bt.wifi_bt.o):(.text+0x21c): first defined here
./lib/w800/libapp.a(wm_bt_app.o): In function `app_discovery_state_changed_callback':
/home/jaychou/neptune-harmony-os1.1-iot-master/device/winnermicro/neptune/sdk_liteos/src/app/btapp/wm_bt_app.c:168: multiple definition of `tls_bt_exit'
./../../../../out/neptune/wifiiot_neptune/libs/libwifi_bt.a(libwifi_bt.wifi_bt.o):(.text+0x220): first defined here
./lib/w800/libapp.a(wm_bt_app.o): In function `app_discovery_state_changed_callback':
/home/jaychou/neptune-harmony-os1.1-iot-master/device/winnermicro/neptune/sdk_liteos/src/app/btapp/wm_bt_app.c:168: multiple definition of `at_bt_enable'
./../../../../out/neptune/wifiiot_neptune/libs/libwifi_bt.a(libwifi_bt.wifi_bt.o):(.text+0x224): first defined here
./lib/w800/libapp.a(wm_bt_app.o): In function `app_discovery_state_changed_callback':
/home/jaychou/neptune-harmony-os1.1-iot-master/device/winnermicro/neptune/sdk_liteos/src/app/btapp/wm_bt_app.c:168: multiple definition of `at_bt_destroy'
./../../../../out/neptune/wifiiot_neptune/libs/libwifi_bt.a(libwifi_bt.wifi_bt.o):(.text+0x2d8): first defined here
./lib/w800/libapp.a(wm_bt_app.o): In function `app_discovery_state_changed_callback':
/home/jaychou/neptune-harmony-os1.1-iot-master/device/winnermicro/neptune/sdk_liteos/src/app/btapp/wm_bt_app.c:168: multiple definition of `at_bt_enable_host'
./../../../../out/neptune/wifiiot_neptune/libs/libwifi_bt.a(libwifi_bt.wifi_bt.o):(.text+0x3c0): first defined here
./lib/w800/libapp.a(wm_bt_app.o): In function `app_discovery_state_changed_callback':
/home/jaychou/neptune-harmony-os1.1-iot-master/device/winnermicro/neptune/sdk_liteos/src/app/btapp/wm_bt_app.c:168: multiple definition of `at_bt_destroy_host'
./../../../../out/neptune/wifiiot_neptune/libs/libwifi_bt.a(libwifi_bt.wifi_bt.o):(.text+0x454): first defined here
./lib/w800/libapp.a(wm_bt_app.o): In function `app_discovery_state_changed_callback':
/home/jaychou/neptune-harmony-os1.1-iot-master/device/winnermicro/neptune/sdk_liteos/src/app/btapp/wm_bt_app.c:168: multiple definition of `at_bt_cleanup_host'
./../../../../out/neptune/wifiiot_neptune/libs/libwifi_bt.a(libwifi_bt.wifi_bt.o):(.text+0x4c8): first defined here
./lib/w800/libapp.a(wm_bt_app.o): In function `app_discovery_state_changed_callback':
/home/jaychou/neptune-harmony-os1.1-iot-master/device/winnermicro/neptune/sdk_liteos/src/app/btapp/wm_bt_app.c:168: multiple definition of `bt_run_btc'
./../../../../out/neptune/wifiiot_neptune/libs/libwifi_bt.a(libwifi_bt.wifi_bt.o):(.text+0x508): first defined here
./lib/w800/libapp.a(wm_bt_app.o): In function `app_discovery_state_changed_callback':
/home/jaychou/neptune-harmony-os1.1-iot-master/device/winnermicro/neptune/sdk_liteos/src/app/btapp/wm_bt_app.c:168: multiple definition of `bt_clean_btc'
./../../../../out/neptune/wifiiot_neptune/libs/libwifi_bt.a(libwifi_bt.wifi_bt.o):(.text+0x524): first defined here
./lib/w800/libapp.a(wm_bt_app.o): In function `app_discovery_state_changed_callback':
/home/jaychou/neptune-harmony-os1.1-iot-master/device/winnermicro/neptune/sdk_liteos/src/app/btapp/wm_bt_app.c:168: multiple definition of `demo_bt_enable'
./../../../../out/neptune/wifiiot_neptune/libs/libwifi_bt.a(libwifi_bt.wifi_bt.o):(.text+0x53c): first defined here
./lib/w800/libapp.a(wm_bt_app.o): In function `app_discovery_state_changed_callback':
/home/jaychou/neptune-harmony-os1.1-iot-master/device/winnermicro/neptune/sdk_liteos/src/app/btapp/wm_bt_app.c:168: multiple definition of `demo_bt_destroy'
./../../../../out/neptune/wifiiot_neptune/libs/libwifi_bt.a(libwifi_bt.wifi_bt.o):(.text+0x5c0): first defined here
./lib/w800/libapp.a(wm_bt_app.o): In function `app_discovery_state_changed_callback':
/home/jaychou/neptune-harmony-os1.1-iot-master/device/winnermicro/neptune/sdk_liteos/src/app/btapp/wm_bt_app.c:168: multiple definition of `demo_ble_server_on'
./../../../../out/neptune/wifiiot_neptune/libs/libwifi_bt.a(libwifi_bt.wifi_bt.o):(.text+0x6c4): first defined here
./lib/w800/libapp.a(wm_bt_app.o): In function `app_discovery_state_changed_callback':
/home/jaychou/neptune-harmony-os1.1-iot-master/device/winnermicro/neptune/sdk_liteos/src/app/btapp/wm_bt_app.c:168: multiple definition of `demo_ble_server_off'
./../../../../out/neptune/wifiiot_neptune/libs/libwifi_bt.a(libwifi_bt.wifi_bt.o):(.text+0x6ec): first defined here
collect2: 错误： ld 返回 1
make: *** [tools/w800/rules.mk:188：bin/build/w800/image/w800.elf] 错误 1
